<?xml version="1.0" encoding="UTF-8"?>
<!-- Generated by org.testng.reporters.JUnitReportReporter -->
<testsuite hostname="Apples-MacBook-Pro-2.local" failures="0" tests="1" name="sus.test.errorvalidation" time="9.023" errors="0" timestamp="05 Dec 2023 00:02:14 GMT" skipped="0">
  <testcase classname="sus.test.errorvalidation" name="loginerrorvalidation" time="9.023"/>
</testsuite> <!-- sus.test.errorvalidation -->
