<?xml version="1.0" encoding="UTF-8"?>
<!-- Generated by org.testng.reporters.JUnitReportReporter -->
<testsuite hostname="Apples-MacBook-Pro-2.local" failures="0" tests="1" name="sus.test.standalone_test3" time="5.871" errors="0" timestamp="06 Dec 2023 08:06:41 GMT" skipped="0">
  <testcase classname="sus.test.standalone_test3" name="tc1" time="5.871"/>
</testsuite> <!-- sus.test.standalone_test3 -->
