<?xml version="1.0" encoding="UTF-8"?>
<!-- Generated by org.testng.reporters.JUnitReportReporter -->
<testsuite hostname="Apples-MacBook-Pro-2.local" failures="0" tests="1" name="sus.stanalone_test2" time="9.647" errors="0" timestamp="04 Dec 2023 21:46:59 GMT" skipped="0">
  <testcase classname="sus.stanalone_test2" name="tc1" time="9.647"/>
</testsuite> <!-- sus.stanalone_test2 -->
